{
  "0 debug pnpm:scope": {
    "selected": 1
  },
  "1 error pnpm": {
    "message": {
      "code": "ELIFECYCLE",
      "errno": "ENOENT",
      "syscall": "spawn",
      "file": "sh",
      "pkgid": "chaincode@1.0.0",
      "stage": "build",
      "script": "run-s build::transpile build::create_dir build::copy",
      "pkgname": "chaincode"
    },
    "err": {
      "name": "Error",
      "message": "chaincode@1.0.0 build: `run-s build::transpile build::create_dir build::copy`\nspawn ENOENT",
      "code": "ELIFECYCLE",
      "stack": "Error: chaincode@1.0.0 build: `run-s build::transpile build::create_dir build::copy`\nspawn ENOENT\n    at ChildProcess.<anonymous> (/usr/local/lib/node_modules/pnpm/dist/pnpm.js:88726:20)\n    at ChildProcess.emit (events.js:198:13)\n    at maybeClose (internal/child_process.js:982:16)\n    at Process.ChildProcess._handle.onexit (internal/child_process.js:259:5)"
    }
  }
}